Summary for: batch_1.haplotypes.tsv

Number of loci in batch_1.haplotypes.tsv = 18242.
Number of loci with no variation = 4704.
'batch_1.identical_haplotypes.tsv' file is written to Summary_Output_A directory.

Number of loci containing at least one individual with more than 2 haplotypes = 2179.
'batch_1.poly_haplotypes.tsv' file is written to Summary_Output_A directory.

Average number of variable sites per locus = 2.5.
Maximum number of variable sites per locus = 17.0.
Median number of variable sites per locus = 2.0.
'Variable_Sites_Freq_Distribution.txt' file is written to Summary_Output_A directory.

Average percent missing data across individuals = 23.1.
Maximum percent missing data across individuals = 97.2.
Median percent missing data across individuals = 15.35.
'Missing_Data_per_Sample.txt' file is written to Summary_Output_A directory.

Locus 3257 SNP position 8 is not biallelic!
Locus 4556 SNP position 4 is not biallelic!
Locus 4562 SNP position 2 is not biallelic!
Locus 5235 SNP position 1 is not biallelic!
Locus 5384 SNP position 2 is not biallelic!
Locus 5793 SNP position 0 is not biallelic!
Locus 6357 SNP position 2 is not biallelic!
Locus 7046 SNP position 7 is not biallelic!
Locus 7853 SNP position 1 is not biallelic!
Locus 8201 SNP position 12 is not biallelic!
Locus 8469 SNP position 1 is not biallelic!
Locus 8863 SNP position 0 is not biallelic!
Locus 8863 SNP position 3 is not biallelic!
Locus 8937 SNP position 1 is not biallelic!
Locus 9085 SNP position 6 is not biallelic!
Locus 9162 SNP position 0 is not biallelic!
Locus 9319 SNP position 0 is not biallelic!
Locus 10238 SNP position 2 is not biallelic!
Locus 10705 SNP position 1 is not biallelic!
Locus 11064 SNP position 6 is not biallelic!
Locus 11207 SNP position 5 is not biallelic!
Locus 11810 SNP position 4 is not biallelic!
Locus 11931 SNP position 5 is not biallelic!
Locus 11968 SNP position 1 is not biallelic!
Locus 15071 SNP position 7 is not biallelic!
Locus 15319 SNP position 0 is not biallelic!
Locus 15582 SNP position 2 is not biallelic!
Locus 15875 SNP position 6 is not biallelic!
Locus 16985 SNP position 0 is not biallelic!
Locus 22468 SNP position 2 is not biallelic!
Locus 22687 SNP position 2 is not biallelic!
Locus 24111 SNP position 8 is not biallelic!
Locus 24584 SNP position 0 is not biallelic!
Locus 26566 SNP position 6 is not biallelic!
Locus 26940 SNP position 2 is not biallelic!
Locus 27703 SNP position 0 is not biallelic!

Avoiding 6899 of 18242 loci based on filtering (37.8%).
4704 invariant loci.
2179 loci with at least one individual with >2 haplotypes.
36 loci with at least one non-biallelic SNP site.
Will create new output 'haplotype.tsv' files from 11343 loci.

File 'batch_1.singleFirstSNP_haplotypes.tsv' written to Summary_Output_A directory.

File 'batch_1.singleRandomSNP_haplotypes.tsv' written to Summary_Output_A directory.
